<?xml version="1.0" encoding="UTF-8"?>
<!-- Generated by org.testng.reporters.JUnitReportReporter -->
<testsuite skipped="0" hostname="DevdasC" name="com.javacoder.HomePage" tests="5" failures="0" timestamp="02 Feb 2019 05:57:16 GMT" time="11.956" errors="0">
  <testcase name="basePageNavigation" time="4.964" classname="com.javacoder.HomePage"/>
  <testcase name="validateText" time="0.131" classname="com.javacoder.HomePage"/>
  <testcase name="clickLoginLink" time="2.812" classname="com.javacoder.HomePage"/>
  <testcase name="getLogIn" time="1.738" classname="com.javacoder.HomePage"/>
  <testcase name="getLogIn" time="2.311" classname="com.javacoder.HomePage"/>
</testsuite> <!-- com.javacoder.HomePage -->
