<?xml version="1.0" encoding="UTF-8"?>
<!-- Generated by org.testng.reporters.JUnitReportReporter -->
<testsuite skipped="0" hostname="DevdasC" name="com.javacoder.HomePage" tests="4" failures="0" timestamp="03 Feb 2019 07:08:17 GMT" time="7.515" errors="0">
  <testcase name="validateText" time="0.194" classname="com.javacoder.HomePage"/>
  <testcase name="clickLoginLink" time="3.294" classname="com.javacoder.HomePage"/>
  <testcase name="getLogIn" time="2.046" classname="com.javacoder.HomePage"/>
  <testcase name="getLogIn" time="1.981" classname="com.javacoder.HomePage"/>
</testsuite> <!-- com.javacoder.HomePage -->
