<?xml version="1.0" encoding="UTF-8"?>
<!-- Generated by org.testng.reporters.JUnitReportReporter -->
<testsuite skipped="0" hostname="DevdasC" name="cucumberOptions.TestRunner" tests="1" failures="0" timestamp="08 Feb 2019 07:59:55 GMT" time="36.001" errors="0">
  <testcase name="feature" time="36.001" classname="cucumberOptions.TestRunner"/>
</testsuite> <!-- cucumberOptions.TestRunner -->
