<?xml version="1.0" encoding="UTF-8"?>
<!-- Generated by org.testng.reporters.JUnitReportReporter -->
<testsuite skipped="0" hostname="DevdasC" name="com.javacoder.HomePage" tests="1" failures="0" timestamp="07 Feb 2019 06:19:09 GMT" time="0.115" errors="0">
  <testcase name="validateText" time="0.115" classname="com.javacoder.HomePage"/>
</testsuite> <!-- com.javacoder.HomePage -->
