<?xml version="1.0" encoding="UTF-8"?>
<!-- Generated by org.testng.reporters.JUnitReportReporter -->
<testsuite skipped="0" hostname="DevdasC" name="com.javacoder.HomePage" tests="1" failures="0" timestamp="08 Feb 2019 08:03:44 GMT" time="0.090" errors="0">
  <testcase name="validateText" time="0.090" classname="com.javacoder.HomePage"/>
</testsuite> <!-- com.javacoder.HomePage -->
