<?xml version="1.0" encoding="UTF-8"?>
<!-- Generated by org.testng.reporters.JUnitReportReporter -->
<testsuite skipped="0" hostname="DevdasC" name="cucumberOptions.TestRunner" tests="1" failures="0" timestamp="08 Feb 2019 08:03:44 GMT" time="33.400" errors="0">
  <testcase name="feature" time="33.400" classname="cucumberOptions.TestRunner"/>
</testsuite> <!-- cucumberOptions.TestRunner -->
