<?xml version="1.0" encoding="UTF-8"?>
<!-- Generated by org.testng.reporters.JUnitReportReporter -->
<testsuite skipped="0" hostname="DevdasC" name="com.javacoder.LoginPage" tests="3" failures="0" timestamp="07 Feb 2019 06:19:09 GMT" time="8.057" errors="0">
  <testcase name="clickLoginLink" time="3.355" classname="com.javacoder.LoginPage"/>
  <testcase name="getLogIn" time="2.525" classname="com.javacoder.LoginPage"/>
  <testcase name="getLogIn" time="2.177" classname="com.javacoder.LoginPage"/>
</testsuite> <!-- com.javacoder.LoginPage -->
