<?xml version="1.0" encoding="UTF-8"?>
<!-- Generated by org.testng.reporters.JUnitReportReporter -->
<testsuite skipped="0" hostname="DevdasC" name="com.javacoder.LoginPage" tests="3" failures="0" timestamp="08 Feb 2019 08:03:44 GMT" time="9.211" errors="0">
  <testcase name="clickLoginLink" time="4.508" classname="com.javacoder.LoginPage"/>
  <testcase name="getLogIn" time="2.604" classname="com.javacoder.LoginPage"/>
  <testcase name="getLogIn" time="2.099" classname="com.javacoder.LoginPage"/>
</testsuite> <!-- com.javacoder.LoginPage -->
